<?xml version="1.0" encoding="UTF-8"?>
<!-- Generated by org.testng.reporters.JUnitReportReporter -->
<testsuite hostname="Kamaljit" failures="0" tests="1" name="testscript_runner.actiTimeTestRunner" time="18.033" errors="0" timestamp="2023-10-25T17:37:28 EDT" skipped="0">
  <testcase classname="testscript_runner.actiTimeTestRunner" name="loggingIn" time="18.033"/>
</testsuite> <!-- testscript_runner.actiTimeTestRunner -->
